2016-09-30 09:28:13 [::1][-][hv4gfjrk846dmch3jm57fdctu5][error][yii\db\Exception] exception 'yii\base\ErrorException' with message 'PDO::__construct(): php_network_getaddresses: getaddrinfo failed: No such host is known. ' in F:\project\smartclass-thesis\temp\vendor\yiisoft\yii2\db\Connection.php:600
Stack trace:
#0 F:\project\smartclass-thesis\temp\vendor\yiisoft\yii2\db\Connection.php(542): yii\db\Connection->createPdoInstance()
#1 F:\project\smartclass-thesis\temp\vendor\yiisoft\yii2\db\Connection.php(858): yii\db\Connection->open()
#2 F:\project\smartclass-thesis\temp\vendor\yiisoft\yii2\db\Connection.php(845): yii\db\Connection->getMasterPdo()
#3 F:\project\smartclass-thesis\temp\vendor\yiisoft\yii2\db\Schema.php(477): yii\db\Connection->getSlavePdo()
#4 F:\project\smartclass-thesis\temp\vendor\yiisoft\yii2\db\Connection.php(754): yii\db\Schema->quoteValue()
#5 F:\project\smartclass-thesis\temp\vendor\yiisoft\yii2\db\Command.php(175): yii\db\Connection->quoteValue()
#6 F:\project\smartclass-thesis\temp\vendor\yiisoft\yii2\db\Command.php(809): yii\db\Command->getRawSql()
#7 F:\project\smartclass-thesis\temp\vendor\yiisoft\yii2\db\Command.php(376): yii\db\Command->queryInternal()
#8 F:\project\smartclass-thesis\temp\vendor\yiisoft\yii2\db\Query.php(247): yii\db\Command->queryOne()
#9 F:\project\smartclass-thesis\temp\vendor\yiisoft\yii2\db\ActiveQuery.php(290): yii\db\Query->one()
#10 F:\project\smartclass-thesis\temp\vendor\yiisoft\yii2\db\BaseActiveRecord.php(102): yii\db\ActiveQuery->one()
#11 F:\project\smartclass-thesis\temp\common\models\User.php(63): yii\db\BaseActiveRecord::findOne()
#12 F:\project\smartclass-thesis\temp\vendor\yiisoft\yii2\web\User.php(614): common\models\User::findIdentity()
#13 F:\project\smartclass-thesis\temp\vendor\yiisoft\yii2\web\User.php(176): yii\web\User->renewAuthStatus()
#14 F:\project\smartclass-thesis\temp\vendor\yiisoft\yii2\web\User.php(346): yii\web\User->getIdentity()
#15 F:\project\smartclass-thesis\temp\vendor\yiisoft\yii2\base\Component.php(130): yii\web\User->getIsGuest()
#16 F:\project\smartclass-thesis\temp\vendor\yiisoft\yii2\base\InlineAction.php(82): yii\base\Component->__get()
#17 F:\project\smartclass-thesis\temp\vendor\yiisoft\yii2\base\InlineAction.php(55): frontend\controllers\SiteController->actionIndex()
#18 F:\project\smartclass-thesis\temp\vendor\yiisoft\yii2\base\InlineAction.php(55): ::call_user_func_array:{F:\project\smartclass-thesis\temp\vendor\yiisoft\yii2\base\InlineAction.php:55}()
#19 F:\project\smartclass-thesis\temp\vendor\yiisoft\yii2\base\Controller.php(154): yii\base\InlineAction->runWithParams()
#20 F:\project\smartclass-thesis\temp\vendor\yiisoft\yii2\base\Module.php(454): yii\base\Controller->runAction()
#21 F:\project\smartclass-thesis\temp\vendor\yiisoft\yii2\web\Application.php(84): yii\base\Module->runAction()
#22 F:\project\smartclass-thesis\temp\vendor\yiisoft\yii2\base\Application.php(375): yii\web\Application->handleRequest()
#23 F:\project\smartclass-thesis\index.php(18): yii\base\Application->run()
#24 {main}

Next exception 'PDOException' with message 'SQLSTATE[HY000] [2002] php_network_getaddresses: getaddrinfo failed: No such host is known. ' in F:\project\smartclass-thesis\temp\vendor\yiisoft\yii2\db\Connection.php:600
Stack trace:
#0 F:\project\smartclass-thesis\temp\vendor\yiisoft\yii2\db\Connection.php(0): PDO->__construct()
#1 F:\project\smartclass-thesis\temp\vendor\yiisoft\yii2\db\Connection.php(542): yii\db\Connection->createPdoInstance()
#2 F:\project\smartclass-thesis\temp\vendor\yiisoft\yii2\db\Connection.php(858): yii\db\Connection->open()
#3 F:\project\smartclass-thesis\temp\vendor\yiisoft\yii2\db\Connection.php(845): yii\db\Connection->getMasterPdo()
#4 F:\project\smartclass-thesis\temp\vendor\yiisoft\yii2\db\Schema.php(477): yii\db\Connection->getSlavePdo()
#5 F:\project\smartclass-thesis\temp\vendor\yiisoft\yii2\db\Connection.php(754): yii\db\Schema->quoteValue('<span class="st...')
#6 F:\project\smartclass-thesis\temp\vendor\yiisoft\yii2\db\Command.php(175): yii\db\Connection->quoteValue('<span class="st...')
#7 F:\project\smartclass-thesis\temp\vendor\yiisoft\yii2\db\Command.php(809): yii\db\Command->getRawSql()
#8 F:\project\smartclass-thesis\temp\vendor\yiisoft\yii2\db\Command.php(376): yii\db\Command->queryInternal('<span class="st...', '<span class="ke...')
#9 F:\project\smartclass-thesis\temp\vendor\yiisoft\yii2\db\Query.php(247): yii\db\Command->queryOne()
#10 F:\project\smartclass-thesis\temp\vendor\yiisoft\yii2\db\ActiveQuery.php(290): yii\db\Query->one('<span class="ke...')
#11 F:\project\smartclass-thesis\temp\vendor\yiisoft\yii2\db\BaseActiveRecord.php(102): yii\db\ActiveQuery->one()
#12 F:\project\smartclass-thesis\temp\common\models\User.php(63): yii\db\BaseActiveRecord::findOne('[<span class="s...')
#13 F:\project\smartclass-thesis\temp\vendor\yiisoft\yii2\web\User.php(614): common\models\User::findIdentity('<span class="st...')
#14 F:\project\smartclass-thesis\temp\vendor\yiisoft\yii2\web\User.php(176): yii\web\User->renewAuthStatus()
#15 F:\project\smartclass-thesis\temp\vendor\yiisoft\yii2\web\User.php(346): yii\web\User->getIdentity()
#16 F:\project\smartclass-thesis\temp\vendor\yiisoft\yii2\base\Component.php(130): yii\web\User->getIsGuest()
#17 F:\project\smartclass-thesis\temp\frontend\controllers\SiteController.php(82): yii\base\Component->__get('<span class="st...')
#18 [internal function]: frontend\controllers\SiteController->actionIndex()
#19 F:\project\smartclass-thesis\temp\vendor\yiisoft\yii2\base\InlineAction.php(55): call_user_func_array('[<span class="t...', '[]')
#20 F:\project\smartclass-thesis\temp\vendor\yiisoft\yii2\base\Controller.php(154): yii\base\InlineAction->runWithParams('[]')
#21 F:\project\smartclass-thesis\temp\vendor\yiisoft\yii2\base\Module.php(454): yii\base\Controller->runAction('<span class="st...', '[]')
#22 F:\project\smartclass-thesis\temp\vendor\yiisoft\yii2\web\Application.php(84): yii\base\Module->runAction('<span class="st...', '[]')
#23 F:\project\smartclass-thesis\temp\vendor\yiisoft\yii2\base\Application.php(375): yii\web\Application->handleRequest(Object(yii\web\Request))
#24 F:\project\smartclass-thesis\index.php(18): yii\base\Application->run()
#25 {main}

Next exception 'yii\db\Exception' with message 'SQLSTATE[HY000] [2002] php_network_getaddresses: getaddrinfo failed: No such host is known. ' in F:\project\smartclass-thesis\temp\vendor\yiisoft\yii2\db\Connection.php:547
Stack trace:
#0 F:\project\smartclass-thesis\temp\vendor\yiisoft\yii2\db\Connection.php(858): yii\db\Connection->open()
#1 F:\project\smartclass-thesis\temp\vendor\yiisoft\yii2\db\Connection.php(845): yii\db\Connection->getMasterPdo()
#2 F:\project\smartclass-thesis\temp\vendor\yiisoft\yii2\db\Schema.php(477): yii\db\Connection->getSlavePdo()
#3 F:\project\smartclass-thesis\temp\vendor\yiisoft\yii2\db\Connection.php(754): yii\db\Schema->quoteValue('<span class="st...')
#4 F:\project\smartclass-thesis\temp\vendor\yiisoft\yii2\db\Command.php(175): yii\db\Connection->quoteValue('<span class="st...')
#5 F:\project\smartclass-thesis\temp\vendor\yiisoft\yii2\db\Command.php(809): yii\db\Command->getRawSql()
#6 F:\project\smartclass-thesis\temp\vendor\yiisoft\yii2\db\Command.php(376): yii\db\Command->queryInternal('<span class="st...', '<span class="ke...')
#7 F:\project\smartclass-thesis\temp\vendor\yiisoft\yii2\db\Query.php(247): yii\db\Command->queryOne()
#8 F:\project\smartclass-thesis\temp\vendor\yiisoft\yii2\db\ActiveQuery.php(290): yii\db\Query->one('<span class="ke...')
#9 F:\project\smartclass-thesis\temp\vendor\yiisoft\yii2\db\BaseActiveRecord.php(102): yii\db\ActiveQuery->one()
#10 F:\project\smartclass-thesis\temp\common\models\User.php(63): yii\db\BaseActiveRecord::findOne('[<span class="s...')
#11 F:\project\smartclass-thesis\temp\vendor\yiisoft\yii2\web\User.php(614): common\models\User::findIdentity('<span class="st...')
#12 F:\project\smartclass-thesis\temp\vendor\yiisoft\yii2\web\User.php(176): yii\web\User->renewAuthStatus()
#13 F:\project\smartclass-thesis\temp\vendor\yiisoft\yii2\web\User.php(346): yii\web\User->getIdentity()
#14 F:\project\smartclass-thesis\temp\vendor\yiisoft\yii2\base\Component.php(130): yii\web\User->getIsGuest()
#15 F:\project\smartclass-thesis\temp\frontend\controllers\SiteController.php(82): yii\base\Component->__get('<span class="st...')
#16 [internal function]: frontend\controllers\SiteController->actionIndex()
#17 F:\project\smartclass-thesis\temp\vendor\yiisoft\yii2\base\InlineAction.php(55): call_user_func_array('[<span class="t...', '[]')
#18 F:\project\smartclass-thesis\temp\vendor\yiisoft\yii2\base\Controller.php(154): yii\base\InlineAction->runWithParams('[]')
#19 F:\project\smartclass-thesis\temp\vendor\yiisoft\yii2\base\Module.php(454): yii\base\Controller->runAction('<span class="st...', '[]')
#20 F:\project\smartclass-thesis\temp\vendor\yiisoft\yii2\web\Application.php(84): yii\base\Module->runAction('<span class="st...', '[]')
#21 F:\project\smartclass-thesis\temp\vendor\yiisoft\yii2\base\Application.php(375): yii\web\Application->handleRequest(Object(yii\web\Request))
#22 F:\project\smartclass-thesis\index.php(18): yii\base\Application->run()
#23 {main}
Additional Information:

2016-09-30 09:28:13 [::1][-][hv4gfjrk846dmch3jm57fdctu5][info][application] $_COOKIE = [
    'PHPSESSID' => 'hv4gfjrk846dmch3jm57fdctu5'
    '_csrf' => '0d4bff463594bacb857dba53b1b294650cded68015ccb1c13afa8fc23126c1bfa:2:{i:0;s:5:\"_csrf\";i:1;s:32:\"UCkwbAlMdN7mgpd2AwnbgXVwkP7akFqF\";}'
    '_identity' => '1e339cb0527add8d207abf4a0e94ab3f16c9d1d5d9a31bd28bf309e8e5178d7ca:2:{i:0;s:9:\"_identity\";i:1;s:28:\"[\"102\",\"test102key\",2592000]\";}'
]

$_SESSION = [
    '__flash' => []
    '__id' => '102'
]

$_SERVER = [
    'HTTP_HOST' => 'localhost'
    'HTTP_CONNECTION' => 'keep-alive'
    'HTTP_CACHE_CONTROL' => 'max-age=0'
    'HTTP_UPGRADE_INSECURE_REQUESTS' => '1'
    'HTTP_USER_AGENT' => 'Mozilla/5.0 (Windows NT 10.0; Win64; x64) AppleWebKit/537.36 (KHTML, like Gecko) Chrome/53.0.2785.116 Safari/537.36'
    'HTTP_ACCEPT' => 'text/html,application/xhtml+xml,application/xml;q=0.9,image/webp,*/*;q=0.8'
    'HTTP_ACCEPT_ENCODING' => 'gzip, deflate, sdch'
    'HTTP_ACCEPT_LANGUAGE' => 'en-US,en;q=0.8,en-GB;q=0.6,th;q=0.4'
    'HTTP_COOKIE' => 'PHPSESSID=hv4gfjrk846dmch3jm57fdctu5; _csrf=0d4bff463594bacb857dba53b1b294650cded68015ccb1c13afa8fc23126c1bfa%3A2%3A%7Bi%3A0%3Bs%3A5%3A%22_csrf%22%3Bi%3A1%3Bs%3A32%3A%22UCkwbAlMdN7mgpd2AwnbgXVwkP7akFqF%22%3B%7D; _identity=1e339cb0527add8d207abf4a0e94ab3f16c9d1d5d9a31bd28bf309e8e5178d7ca%3A2%3A%7Bi%3A0%3Bs%3A9%3A%22_identity%22%3Bi%3A1%3Bs%3A28%3A%22%5B%22102%22%2C%22test102key%22%2C2592000%5D%22%3B%7D'
    'PATH' => 'C:\\ProgramData\\Oracle\\Java\\javapath;C:\\Program Files (x86)\\Intel\\iCLS Client\\;C:\\Program Files\\Intel\\iCLS Client\\;C:\\Windows\\system32;C:\\Windows;C:\\Windows\\System32\\Wbem;C:\\Windows\\System32\\WindowsPowerShell\\v1.0\\;C:\\Program Files (x86)\\NVIDIA Corporation\\PhysX\\Common;C:\\Program Files (x86)\\Intel\\Intel(R) Management Engine Components\\DAL;C:\\Program Files\\Intel\\Intel(R) Management Engine Components\\DAL;C:\\Program Files (x86)\\Intel\\Intel(R) Management Engine Components\\IPT;C:\\Program Files\\Intel\\Intel(R) Management Engine Components\\IPT;C:\\Program Files\\dotnet\\;C:\\Program Files (x86)\\Brackets\\command;C:\\wamp64\\bin\\php\\php5.6.16;C:\\ProgramData\\ComposerSetup\\bin;C:\\Program Files\\Git\\cmd;C:\\Program Files (x86)\\Bitvise SSH Client;C:\\ProgramData\\chocolatey\\bin;C:\\Program Files\\nodejs\\;C:\\tools\\python2;C:\\Program Files (x86)\\Android\\android-sdk\\platform-tools;C:\\WINDOWS\\system32;C:\\WINDOWS;C:\\WINDOWS\\System32\\Wbem;C:\\WINDOWS\\System32\\WindowsPowerShell\\v1.0\\;C:\\Program Files (x86)\\MiKTeX 2.9\\miktex\\bin\\;C:\\Program Files\\Microsoft SQL Server\\130\\Tools\\Binn\\;C:\\WINDOWS\\system32\\config\\systemprofile\\AppData\\Local\\Microsoft\\WindowsApps'
    'SystemRoot' => 'C:\\WINDOWS'
    'COMSPEC' => 'C:\\WINDOWS\\system32\\cmd.exe'
    'PATHEXT' => '.COM;.EXE;.BAT;.CMD;.VBS;.VBE;.JS;.JSE;.WSF;.WSH;.MSC'
    'WINDIR' => 'C:\\WINDOWS'
    'SERVER_SIGNATURE' => '<address>Apache/2.4.17 (Win64) PHP/5.6.16 Server at localhost Port 80</address>
'
    'SERVER_SOFTWARE' => 'Apache/2.4.17 (Win64) PHP/5.6.16'
    'SERVER_NAME' => 'localhost'
    'SERVER_ADDR' => '::1'
    'SERVER_PORT' => '80'
    'REMOTE_ADDR' => '::1'
    'DOCUMENT_ROOT' => 'F:/project/smartclass-thesis'
    'REQUEST_SCHEME' => 'http'
    'CONTEXT_PREFIX' => ''
    'CONTEXT_DOCUMENT_ROOT' => 'F:/project/smartclass-thesis'
    'SERVER_ADMIN' => 'admin@example.com'
    'SCRIPT_FILENAME' => 'F:/project/smartclass-thesis/index.php'
    'REMOTE_PORT' => '64911'
    'GATEWAY_INTERFACE' => 'CGI/1.1'
    'SERVER_PROTOCOL' => 'HTTP/1.1'
    'REQUEST_METHOD' => 'GET'
    'QUERY_STRING' => ''
    'REQUEST_URI' => '/'
    'SCRIPT_NAME' => '/index.php'
    'PHP_SELF' => '/index.php'
    'REQUEST_TIME_FLOAT' => 1475227693.214
    'REQUEST_TIME' => 1475227693
]
2016-09-30 09:28:13 [::1][-][hv4gfjrk846dmch3jm57fdctu5][warning][yii\log\Dispatcher::dispatch] Unable to send log via yii\debug\LogTarget: Exception (Invalid Configuration) 'yii\base\InvalidConfigException' with message 'The directory does not exist: F:/project/smartclass-thesis/assets' 

in F:\project\smartclass-thesis\temp\vendor\yiisoft\yii2\web\AssetManager.php:211

Stack trace:
#0 F:\project\smartclass-thesis\temp\vendor\yiisoft\yii2\base\Object.php(107): yii\web\AssetManager->init()
#1 [internal function]: yii\base\Object->__construct(Array)
#2 F:\project\smartclass-thesis\temp\vendor\yiisoft\yii2\di\Container.php(368): ReflectionClass->newInstanceArgs(Array)
#3 F:\project\smartclass-thesis\temp\vendor\yiisoft\yii2\di\Container.php(153): yii\di\Container->build('yii\\web\\AssetMa...', Array, Array)
#4 F:\project\smartclass-thesis\temp\vendor\yiisoft\yii2\BaseYii.php(344): yii\di\Container->get('yii\\web\\AssetMa...', Array, Array)
#5 F:\project\smartclass-thesis\temp\vendor\yiisoft\yii2\di\ServiceLocator.php(133): yii\BaseYii::createObject(Array)
#6 F:\project\smartclass-thesis\temp\vendor\yiisoft\yii2\base\Application.php(600): yii\di\ServiceLocator->get('assetManager')
#7 F:\project\smartclass-thesis\temp\vendor\yiisoft\yii2\web\View.php(223): yii\base\Application->getAssetManager()
#8 F:\project\smartclass-thesis\temp\vendor\yiisoft\yii2\base\Component.php(130): yii\web\View->getAssetManager()
#9 F:\project\smartclass-thesis\temp\vendor\yiisoft\yii2-debug\panels\AssetPanel.php(53): yii\base\Component->__get('assetManager')
#10 F:\project\smartclass-thesis\temp\vendor\yiisoft\yii2-debug\LogTarget.php(54): yii\debug\panels\AssetPanel->save()
#11 F:\project\smartclass-thesis\temp\vendor\yiisoft\yii2-debug\LogTarget.php(118): yii\debug\LogTarget->export()
#12 F:\project\smartclass-thesis\temp\vendor\yiisoft\yii2\log\Dispatcher.php(183): yii\debug\LogTarget->collect(Array, true)
#13 F:\project\smartclass-thesis\temp\vendor\yiisoft\yii2\log\Logger.php(173): yii\log\Dispatcher->dispatch(Array, true)
#14 F:\project\smartclass-thesis\temp\vendor\yiisoft\yii2\base\ErrorHandler.php(111): yii\log\Logger->flush(true)
#15 [internal function]: yii\base\ErrorHandler->handleException(Object(yii\db\Exception))
#16 {main}
2016-09-30 09:28:13 [::1][-][hv4gfjrk846dmch3jm57fdctu5][info][application] $_COOKIE = [
    'PHPSESSID' => 'hv4gfjrk846dmch3jm57fdctu5'
    '_csrf' => '0d4bff463594bacb857dba53b1b294650cded68015ccb1c13afa8fc23126c1bfa:2:{i:0;s:5:\"_csrf\";i:1;s:32:\"UCkwbAlMdN7mgpd2AwnbgXVwkP7akFqF\";}'
    '_identity' => '1e339cb0527add8d207abf4a0e94ab3f16c9d1d5d9a31bd28bf309e8e5178d7ca:2:{i:0;s:9:\"_identity\";i:1;s:28:\"[\"102\",\"test102key\",2592000]\";}'
]

$_SESSION = [
    '__flash' => []
    '__id' => '102'
]

$_SERVER = [
    'HTTP_HOST' => 'localhost'
    'HTTP_CONNECTION' => 'keep-alive'
    'HTTP_CACHE_CONTROL' => 'max-age=0'
    'HTTP_UPGRADE_INSECURE_REQUESTS' => '1'
    'HTTP_USER_AGENT' => 'Mozilla/5.0 (Windows NT 10.0; Win64; x64) AppleWebKit/537.36 (KHTML, like Gecko) Chrome/53.0.2785.116 Safari/537.36'
    'HTTP_ACCEPT' => 'text/html,application/xhtml+xml,application/xml;q=0.9,image/webp,*/*;q=0.8'
    'HTTP_ACCEPT_ENCODING' => 'gzip, deflate, sdch'
    'HTTP_ACCEPT_LANGUAGE' => 'en-US,en;q=0.8,en-GB;q=0.6,th;q=0.4'
    'HTTP_COOKIE' => 'PHPSESSID=hv4gfjrk846dmch3jm57fdctu5; _csrf=0d4bff463594bacb857dba53b1b294650cded68015ccb1c13afa8fc23126c1bfa%3A2%3A%7Bi%3A0%3Bs%3A5%3A%22_csrf%22%3Bi%3A1%3Bs%3A32%3A%22UCkwbAlMdN7mgpd2AwnbgXVwkP7akFqF%22%3B%7D; _identity=1e339cb0527add8d207abf4a0e94ab3f16c9d1d5d9a31bd28bf309e8e5178d7ca%3A2%3A%7Bi%3A0%3Bs%3A9%3A%22_identity%22%3Bi%3A1%3Bs%3A28%3A%22%5B%22102%22%2C%22test102key%22%2C2592000%5D%22%3B%7D'
    'PATH' => 'C:\\ProgramData\\Oracle\\Java\\javapath;C:\\Program Files (x86)\\Intel\\iCLS Client\\;C:\\Program Files\\Intel\\iCLS Client\\;C:\\Windows\\system32;C:\\Windows;C:\\Windows\\System32\\Wbem;C:\\Windows\\System32\\WindowsPowerShell\\v1.0\\;C:\\Program Files (x86)\\NVIDIA Corporation\\PhysX\\Common;C:\\Program Files (x86)\\Intel\\Intel(R) Management Engine Components\\DAL;C:\\Program Files\\Intel\\Intel(R) Management Engine Components\\DAL;C:\\Program Files (x86)\\Intel\\Intel(R) Management Engine Components\\IPT;C:\\Program Files\\Intel\\Intel(R) Management Engine Components\\IPT;C:\\Program Files\\dotnet\\;C:\\Program Files (x86)\\Brackets\\command;C:\\wamp64\\bin\\php\\php5.6.16;C:\\ProgramData\\ComposerSetup\\bin;C:\\Program Files\\Git\\cmd;C:\\Program Files (x86)\\Bitvise SSH Client;C:\\ProgramData\\chocolatey\\bin;C:\\Program Files\\nodejs\\;C:\\tools\\python2;C:\\Program Files (x86)\\Android\\android-sdk\\platform-tools;C:\\WINDOWS\\system32;C:\\WINDOWS;C:\\WINDOWS\\System32\\Wbem;C:\\WINDOWS\\System32\\WindowsPowerShell\\v1.0\\;C:\\Program Files (x86)\\MiKTeX 2.9\\miktex\\bin\\;C:\\Program Files\\Microsoft SQL Server\\130\\Tools\\Binn\\;C:\\WINDOWS\\system32\\config\\systemprofile\\AppData\\Local\\Microsoft\\WindowsApps'
    'SystemRoot' => 'C:\\WINDOWS'
    'COMSPEC' => 'C:\\WINDOWS\\system32\\cmd.exe'
    'PATHEXT' => '.COM;.EXE;.BAT;.CMD;.VBS;.VBE;.JS;.JSE;.WSF;.WSH;.MSC'
    'WINDIR' => 'C:\\WINDOWS'
    'SERVER_SIGNATURE' => '<address>Apache/2.4.17 (Win64) PHP/5.6.16 Server at localhost Port 80</address>
'
    'SERVER_SOFTWARE' => 'Apache/2.4.17 (Win64) PHP/5.6.16'
    'SERVER_NAME' => 'localhost'
    'SERVER_ADDR' => '::1'
    'SERVER_PORT' => '80'
    'REMOTE_ADDR' => '::1'
    'DOCUMENT_ROOT' => 'F:/project/smartclass-thesis'
    'REQUEST_SCHEME' => 'http'
    'CONTEXT_PREFIX' => ''
    'CONTEXT_DOCUMENT_ROOT' => 'F:/project/smartclass-thesis'
    'SERVER_ADMIN' => 'admin@example.com'
    'SCRIPT_FILENAME' => 'F:/project/smartclass-thesis/index.php'
    'REMOTE_PORT' => '64911'
    'GATEWAY_INTERFACE' => 'CGI/1.1'
    'SERVER_PROTOCOL' => 'HTTP/1.1'
    'REQUEST_METHOD' => 'GET'
    'QUERY_STRING' => ''
    'REQUEST_URI' => '/'
    'SCRIPT_NAME' => '/index.php'
    'PHP_SELF' => '/index.php'
    'REQUEST_TIME_FLOAT' => 1475227693.214
    'REQUEST_TIME' => 1475227693
]
2016-09-30 09:28:49 [::1][-][hv4gfjrk846dmch3jm57fdctu5][error][yii\db\Exception] exception 'yii\base\ErrorException' with message 'PDO::__construct(): php_network_getaddresses: getaddrinfo failed: No such host is known. ' in F:\project\smartclass-thesis\temp\vendor\yiisoft\yii2\db\Connection.php:600
Stack trace:
#0 F:\project\smartclass-thesis\temp\vendor\yiisoft\yii2\db\Connection.php(542): yii\db\Connection->createPdoInstance()
#1 F:\project\smartclass-thesis\temp\vendor\yiisoft\yii2\db\Connection.php(858): yii\db\Connection->open()
#2 F:\project\smartclass-thesis\temp\vendor\yiisoft\yii2\db\Connection.php(845): yii\db\Connection->getMasterPdo()
#3 F:\project\smartclass-thesis\temp\vendor\yiisoft\yii2\db\Schema.php(477): yii\db\Connection->getSlavePdo()
#4 F:\project\smartclass-thesis\temp\vendor\yiisoft\yii2\db\Connection.php(754): yii\db\Schema->quoteValue()
#5 F:\project\smartclass-thesis\temp\vendor\yiisoft\yii2\db\Command.php(175): yii\db\Connection->quoteValue()
#6 F:\project\smartclass-thesis\temp\vendor\yiisoft\yii2\db\Command.php(809): yii\db\Command->getRawSql()
#7 F:\project\smartclass-thesis\temp\vendor\yiisoft\yii2\db\Command.php(376): yii\db\Command->queryInternal()
#8 F:\project\smartclass-thesis\temp\vendor\yiisoft\yii2\db\Query.php(247): yii\db\Command->queryOne()
#9 F:\project\smartclass-thesis\temp\vendor\yiisoft\yii2\db\ActiveQuery.php(290): yii\db\Query->one()
#10 F:\project\smartclass-thesis\temp\vendor\yiisoft\yii2\db\BaseActiveRecord.php(102): yii\db\ActiveQuery->one()
#11 F:\project\smartclass-thesis\temp\common\models\User.php(63): yii\db\BaseActiveRecord::findOne()
#12 F:\project\smartclass-thesis\temp\vendor\yiisoft\yii2\web\User.php(614): common\models\User::findIdentity()
#13 F:\project\smartclass-thesis\temp\vendor\yiisoft\yii2\web\User.php(176): yii\web\User->renewAuthStatus()
#14 F:\project\smartclass-thesis\temp\vendor\yiisoft\yii2\web\User.php(346): yii\web\User->getIdentity()
#15 F:\project\smartclass-thesis\temp\vendor\yiisoft\yii2\base\Component.php(130): yii\web\User->getIsGuest()
#16 F:\project\smartclass-thesis\temp\vendor\yiisoft\yii2\base\InlineAction.php(82): yii\base\Component->__get()
#17 F:\project\smartclass-thesis\temp\vendor\yiisoft\yii2\base\InlineAction.php(55): frontend\controllers\SiteController->actionIndex()
#18 F:\project\smartclass-thesis\temp\vendor\yiisoft\yii2\base\InlineAction.php(55): ::call_user_func_array:{F:\project\smartclass-thesis\temp\vendor\yiisoft\yii2\base\InlineAction.php:55}()
#19 F:\project\smartclass-thesis\temp\vendor\yiisoft\yii2\base\Controller.php(154): yii\base\InlineAction->runWithParams()
#20 F:\project\smartclass-thesis\temp\vendor\yiisoft\yii2\base\Module.php(454): yii\base\Controller->runAction()
#21 F:\project\smartclass-thesis\temp\vendor\yiisoft\yii2\web\Application.php(84): yii\base\Module->runAction()
#22 F:\project\smartclass-thesis\temp\vendor\yiisoft\yii2\base\Application.php(375): yii\web\Application->handleRequest()
#23 F:\project\smartclass-thesis\index.php(18): yii\base\Application->run()
#24 {main}

Next exception 'PDOException' with message 'SQLSTATE[HY000] [2002] php_network_getaddresses: getaddrinfo failed: No such host is known. ' in F:\project\smartclass-thesis\temp\vendor\yiisoft\yii2\db\Connection.php:600
Stack trace:
#0 F:\project\smartclass-thesis\temp\vendor\yiisoft\yii2\db\Connection.php(0): PDO->__construct()
#1 F:\project\smartclass-thesis\temp\vendor\yiisoft\yii2\db\Connection.php(542): yii\db\Connection->createPdoInstance()
#2 F:\project\smartclass-thesis\temp\vendor\yiisoft\yii2\db\Connection.php(858): yii\db\Connection->open()
#3 F:\project\smartclass-thesis\temp\vendor\yiisoft\yii2\db\Connection.php(845): yii\db\Connection->getMasterPdo()
#4 F:\project\smartclass-thesis\temp\vendor\yiisoft\yii2\db\Schema.php(477): yii\db\Connection->getSlavePdo()
#5 F:\project\smartclass-thesis\temp\vendor\yiisoft\yii2\db\Connection.php(754): yii\db\Schema->quoteValue('<span class="st...')
#6 F:\project\smartclass-thesis\temp\vendor\yiisoft\yii2\db\Command.php(175): yii\db\Connection->quoteValue('<span class="st...')
#7 F:\project\smartclass-thesis\temp\vendor\yiisoft\yii2\db\Command.php(809): yii\db\Command->getRawSql()
#8 F:\project\smartclass-thesis\temp\vendor\yiisoft\yii2\db\Command.php(376): yii\db\Command->queryInternal('<span class="st...', '<span class="ke...')
#9 F:\project\smartclass-thesis\temp\vendor\yiisoft\yii2\db\Query.php(247): yii\db\Command->queryOne()
#10 F:\project\smartclass-thesis\temp\vendor\yiisoft\yii2\db\ActiveQuery.php(290): yii\db\Query->one('<span class="ke...')
#11 F:\project\smartclass-thesis\temp\vendor\yiisoft\yii2\db\BaseActiveRecord.php(102): yii\db\ActiveQuery->one()
#12 F:\project\smartclass-thesis\temp\common\models\User.php(63): yii\db\BaseActiveRecord::findOne('[<span class="s...')
#13 F:\project\smartclass-thesis\temp\vendor\yiisoft\yii2\web\User.php(614): common\models\User::findIdentity('<span class="st...')
#14 F:\project\smartclass-thesis\temp\vendor\yiisoft\yii2\web\User.php(176): yii\web\User->renewAuthStatus()
#15 F:\project\smartclass-thesis\temp\vendor\yiisoft\yii2\web\User.php(346): yii\web\User->getIdentity()
#16 F:\project\smartclass-thesis\temp\vendor\yiisoft\yii2\base\Component.php(130): yii\web\User->getIsGuest()
#17 F:\project\smartclass-thesis\temp\frontend\controllers\SiteController.php(82): yii\base\Component->__get('<span class="st...')
#18 [internal function]: frontend\controllers\SiteController->actionIndex()
#19 F:\project\smartclass-thesis\temp\vendor\yiisoft\yii2\base\InlineAction.php(55): call_user_func_array('[<span class="t...', '[]')
#20 F:\project\smartclass-thesis\temp\vendor\yiisoft\yii2\base\Controller.php(154): yii\base\InlineAction->runWithParams('[]')
#21 F:\project\smartclass-thesis\temp\vendor\yiisoft\yii2\base\Module.php(454): yii\base\Controller->runAction('<span class="st...', '[]')
#22 F:\project\smartclass-thesis\temp\vendor\yiisoft\yii2\web\Application.php(84): yii\base\Module->runAction('<span class="st...', '[]')
#23 F:\project\smartclass-thesis\temp\vendor\yiisoft\yii2\base\Application.php(375): yii\web\Application->handleRequest(Object(yii\web\Request))
#24 F:\project\smartclass-thesis\index.php(18): yii\base\Application->run()
#25 {main}

Next exception 'yii\db\Exception' with message 'SQLSTATE[HY000] [2002] php_network_getaddresses: getaddrinfo failed: No such host is known. ' in F:\project\smartclass-thesis\temp\vendor\yiisoft\yii2\db\Connection.php:547
Stack trace:
#0 F:\project\smartclass-thesis\temp\vendor\yiisoft\yii2\db\Connection.php(858): yii\db\Connection->open()
#1 F:\project\smartclass-thesis\temp\vendor\yiisoft\yii2\db\Connection.php(845): yii\db\Connection->getMasterPdo()
#2 F:\project\smartclass-thesis\temp\vendor\yiisoft\yii2\db\Schema.php(477): yii\db\Connection->getSlavePdo()
#3 F:\project\smartclass-thesis\temp\vendor\yiisoft\yii2\db\Connection.php(754): yii\db\Schema->quoteValue('<span class="st...')
#4 F:\project\smartclass-thesis\temp\vendor\yiisoft\yii2\db\Command.php(175): yii\db\Connection->quoteValue('<span class="st...')
#5 F:\project\smartclass-thesis\temp\vendor\yiisoft\yii2\db\Command.php(809): yii\db\Command->getRawSql()
#6 F:\project\smartclass-thesis\temp\vendor\yiisoft\yii2\db\Command.php(376): yii\db\Command->queryInternal('<span class="st...', '<span class="ke...')
#7 F:\project\smartclass-thesis\temp\vendor\yiisoft\yii2\db\Query.php(247): yii\db\Command->queryOne()
#8 F:\project\smartclass-thesis\temp\vendor\yiisoft\yii2\db\ActiveQuery.php(290): yii\db\Query->one('<span class="ke...')
#9 F:\project\smartclass-thesis\temp\vendor\yiisoft\yii2\db\BaseActiveRecord.php(102): yii\db\ActiveQuery->one()
#10 F:\project\smartclass-thesis\temp\common\models\User.php(63): yii\db\BaseActiveRecord::findOne('[<span class="s...')
#11 F:\project\smartclass-thesis\temp\vendor\yiisoft\yii2\web\User.php(614): common\models\User::findIdentity('<span class="st...')
#12 F:\project\smartclass-thesis\temp\vendor\yiisoft\yii2\web\User.php(176): yii\web\User->renewAuthStatus()
#13 F:\project\smartclass-thesis\temp\vendor\yiisoft\yii2\web\User.php(346): yii\web\User->getIdentity()
#14 F:\project\smartclass-thesis\temp\vendor\yiisoft\yii2\base\Component.php(130): yii\web\User->getIsGuest()
#15 F:\project\smartclass-thesis\temp\frontend\controllers\SiteController.php(82): yii\base\Component->__get('<span class="st...')
#16 [internal function]: frontend\controllers\SiteController->actionIndex()
#17 F:\project\smartclass-thesis\temp\vendor\yiisoft\yii2\base\InlineAction.php(55): call_user_func_array('[<span class="t...', '[]')
#18 F:\project\smartclass-thesis\temp\vendor\yiisoft\yii2\base\Controller.php(154): yii\base\InlineAction->runWithParams('[]')
#19 F:\project\smartclass-thesis\temp\vendor\yiisoft\yii2\base\Module.php(454): yii\base\Controller->runAction('<span class="st...', '[]')
#20 F:\project\smartclass-thesis\temp\vendor\yiisoft\yii2\web\Application.php(84): yii\base\Module->runAction('<span class="st...', '[]')
#21 F:\project\smartclass-thesis\temp\vendor\yiisoft\yii2\base\Application.php(375): yii\web\Application->handleRequest(Object(yii\web\Request))
#22 F:\project\smartclass-thesis\index.php(18): yii\base\Application->run()
#23 {main}
Additional Information:

2016-09-30 09:28:49 [::1][-][hv4gfjrk846dmch3jm57fdctu5][info][application] $_COOKIE = [
    'PHPSESSID' => 'hv4gfjrk846dmch3jm57fdctu5'
    '_csrf' => '0d4bff463594bacb857dba53b1b294650cded68015ccb1c13afa8fc23126c1bfa:2:{i:0;s:5:\"_csrf\";i:1;s:32:\"UCkwbAlMdN7mgpd2AwnbgXVwkP7akFqF\";}'
    '_identity' => '1e339cb0527add8d207abf4a0e94ab3f16c9d1d5d9a31bd28bf309e8e5178d7ca:2:{i:0;s:9:\"_identity\";i:1;s:28:\"[\"102\",\"test102key\",2592000]\";}'
]

$_SESSION = [
    '__flash' => []
    '__id' => '102'
]

$_SERVER = [
    'HTTP_HOST' => 'localhost'
    'HTTP_CONNECTION' => 'keep-alive'
    'HTTP_CACHE_CONTROL' => 'max-age=0'
    'HTTP_UPGRADE_INSECURE_REQUESTS' => '1'
    'HTTP_USER_AGENT' => 'Mozilla/5.0 (Windows NT 10.0; Win64; x64) AppleWebKit/537.36 (KHTML, like Gecko) Chrome/53.0.2785.116 Safari/537.36'
    'HTTP_ACCEPT' => 'text/html,application/xhtml+xml,application/xml;q=0.9,image/webp,*/*;q=0.8'
    'HTTP_ACCEPT_ENCODING' => 'gzip, deflate, sdch'
    'HTTP_ACCEPT_LANGUAGE' => 'en-US,en;q=0.8,en-GB;q=0.6,th;q=0.4'
    'HTTP_COOKIE' => 'PHPSESSID=hv4gfjrk846dmch3jm57fdctu5; _csrf=0d4bff463594bacb857dba53b1b294650cded68015ccb1c13afa8fc23126c1bfa%3A2%3A%7Bi%3A0%3Bs%3A5%3A%22_csrf%22%3Bi%3A1%3Bs%3A32%3A%22UCkwbAlMdN7mgpd2AwnbgXVwkP7akFqF%22%3B%7D; _identity=1e339cb0527add8d207abf4a0e94ab3f16c9d1d5d9a31bd28bf309e8e5178d7ca%3A2%3A%7Bi%3A0%3Bs%3A9%3A%22_identity%22%3Bi%3A1%3Bs%3A28%3A%22%5B%22102%22%2C%22test102key%22%2C2592000%5D%22%3B%7D'
    'PATH' => 'C:\\ProgramData\\Oracle\\Java\\javapath;C:\\Program Files (x86)\\Intel\\iCLS Client\\;C:\\Program Files\\Intel\\iCLS Client\\;C:\\Windows\\system32;C:\\Windows;C:\\Windows\\System32\\Wbem;C:\\Windows\\System32\\WindowsPowerShell\\v1.0\\;C:\\Program Files (x86)\\NVIDIA Corporation\\PhysX\\Common;C:\\Program Files (x86)\\Intel\\Intel(R) Management Engine Components\\DAL;C:\\Program Files\\Intel\\Intel(R) Management Engine Components\\DAL;C:\\Program Files (x86)\\Intel\\Intel(R) Management Engine Components\\IPT;C:\\Program Files\\Intel\\Intel(R) Management Engine Components\\IPT;C:\\Program Files\\dotnet\\;C:\\Program Files (x86)\\Brackets\\command;C:\\wamp64\\bin\\php\\php5.6.16;C:\\ProgramData\\ComposerSetup\\bin;C:\\Program Files\\Git\\cmd;C:\\Program Files (x86)\\Bitvise SSH Client;C:\\ProgramData\\chocolatey\\bin;C:\\Program Files\\nodejs\\;C:\\tools\\python2;C:\\Program Files (x86)\\Android\\android-sdk\\platform-tools;C:\\WINDOWS\\system32;C:\\WINDOWS;C:\\WINDOWS\\System32\\Wbem;C:\\WINDOWS\\System32\\WindowsPowerShell\\v1.0\\;C:\\Program Files (x86)\\MiKTeX 2.9\\miktex\\bin\\;C:\\Program Files\\Microsoft SQL Server\\130\\Tools\\Binn\\;C:\\WINDOWS\\system32\\config\\systemprofile\\AppData\\Local\\Microsoft\\WindowsApps'
    'SystemRoot' => 'C:\\WINDOWS'
    'COMSPEC' => 'C:\\WINDOWS\\system32\\cmd.exe'
    'PATHEXT' => '.COM;.EXE;.BAT;.CMD;.VBS;.VBE;.JS;.JSE;.WSF;.WSH;.MSC'
    'WINDIR' => 'C:\\WINDOWS'
    'SERVER_SIGNATURE' => '<address>Apache/2.4.17 (Win64) PHP/5.6.16 Server at localhost Port 80</address>
'
    'SERVER_SOFTWARE' => 'Apache/2.4.17 (Win64) PHP/5.6.16'
    'SERVER_NAME' => 'localhost'
    'SERVER_ADDR' => '::1'
    'SERVER_PORT' => '80'
    'REMOTE_ADDR' => '::1'
    'DOCUMENT_ROOT' => 'F:/project/smartclass-thesis'
    'REQUEST_SCHEME' => 'http'
    'CONTEXT_PREFIX' => ''
    'CONTEXT_DOCUMENT_ROOT' => 'F:/project/smartclass-thesis'
    'SERVER_ADMIN' => 'admin@example.com'
    'SCRIPT_FILENAME' => 'F:/project/smartclass-thesis/index.php'
    'REMOTE_PORT' => '64951'
    'GATEWAY_INTERFACE' => 'CGI/1.1'
    'SERVER_PROTOCOL' => 'HTTP/1.1'
    'REQUEST_METHOD' => 'GET'
    'QUERY_STRING' => ''
    'REQUEST_URI' => '/'
    'SCRIPT_NAME' => '/index.php'
    'PHP_SELF' => '/index.php'
    'REQUEST_TIME_FLOAT' => 1475227729.21
    'REQUEST_TIME' => 1475227729
]
2016-09-30 09:28:49 [::1][-][hv4gfjrk846dmch3jm57fdctu5][warning][yii\log\Dispatcher::dispatch] Unable to send log via yii\debug\LogTarget: Exception (Invalid Configuration) 'yii\base\InvalidConfigException' with message 'The directory does not exist: F:/project/smartclass-thesis/assets' 

in F:\project\smartclass-thesis\temp\vendor\yiisoft\yii2\web\AssetManager.php:211

Stack trace:
#0 F:\project\smartclass-thesis\temp\vendor\yiisoft\yii2\base\Object.php(107): yii\web\AssetManager->init()
#1 [internal function]: yii\base\Object->__construct(Array)
#2 F:\project\smartclass-thesis\temp\vendor\yiisoft\yii2\di\Container.php(368): ReflectionClass->newInstanceArgs(Array)
#3 F:\project\smartclass-thesis\temp\vendor\yiisoft\yii2\di\Container.php(153): yii\di\Container->build('yii\\web\\AssetMa...', Array, Array)
#4 F:\project\smartclass-thesis\temp\vendor\yiisoft\yii2\BaseYii.php(344): yii\di\Container->get('yii\\web\\AssetMa...', Array, Array)
#5 F:\project\smartclass-thesis\temp\vendor\yiisoft\yii2\di\ServiceLocator.php(133): yii\BaseYii::createObject(Array)
#6 F:\project\smartclass-thesis\temp\vendor\yiisoft\yii2\base\Application.php(600): yii\di\ServiceLocator->get('assetManager')
#7 F:\project\smartclass-thesis\temp\vendor\yiisoft\yii2\web\View.php(223): yii\base\Application->getAssetManager()
#8 F:\project\smartclass-thesis\temp\vendor\yiisoft\yii2\base\Component.php(130): yii\web\View->getAssetManager()
#9 F:\project\smartclass-thesis\temp\vendor\yiisoft\yii2-debug\panels\AssetPanel.php(53): yii\base\Component->__get('assetManager')
#10 F:\project\smartclass-thesis\temp\vendor\yiisoft\yii2-debug\LogTarget.php(54): yii\debug\panels\AssetPanel->save()
#11 F:\project\smartclass-thesis\temp\vendor\yiisoft\yii2-debug\LogTarget.php(118): yii\debug\LogTarget->export()
#12 F:\project\smartclass-thesis\temp\vendor\yiisoft\yii2\log\Dispatcher.php(183): yii\debug\LogTarget->collect(Array, true)
#13 F:\project\smartclass-thesis\temp\vendor\yiisoft\yii2\log\Logger.php(173): yii\log\Dispatcher->dispatch(Array, true)
#14 F:\project\smartclass-thesis\temp\vendor\yiisoft\yii2\base\ErrorHandler.php(111): yii\log\Logger->flush(true)
#15 [internal function]: yii\base\ErrorHandler->handleException(Object(yii\db\Exception))
#16 {main}
2016-09-30 09:28:49 [::1][-][hv4gfjrk846dmch3jm57fdctu5][info][application] $_COOKIE = [
    'PHPSESSID' => 'hv4gfjrk846dmch3jm57fdctu5'
    '_csrf' => '0d4bff463594bacb857dba53b1b294650cded68015ccb1c13afa8fc23126c1bfa:2:{i:0;s:5:\"_csrf\";i:1;s:32:\"UCkwbAlMdN7mgpd2AwnbgXVwkP7akFqF\";}'
    '_identity' => '1e339cb0527add8d207abf4a0e94ab3f16c9d1d5d9a31bd28bf309e8e5178d7ca:2:{i:0;s:9:\"_identity\";i:1;s:28:\"[\"102\",\"test102key\",2592000]\";}'
]

$_SESSION = [
    '__flash' => []
    '__id' => '102'
]

$_SERVER = [
    'HTTP_HOST' => 'localhost'
    'HTTP_CONNECTION' => 'keep-alive'
    'HTTP_CACHE_CONTROL' => 'max-age=0'
    'HTTP_UPGRADE_INSECURE_REQUESTS' => '1'
    'HTTP_USER_AGENT' => 'Mozilla/5.0 (Windows NT 10.0; Win64; x64) AppleWebKit/537.36 (KHTML, like Gecko) Chrome/53.0.2785.116 Safari/537.36'
    'HTTP_ACCEPT' => 'text/html,application/xhtml+xml,application/xml;q=0.9,image/webp,*/*;q=0.8'
    'HTTP_ACCEPT_ENCODING' => 'gzip, deflate, sdch'
    'HTTP_ACCEPT_LANGUAGE' => 'en-US,en;q=0.8,en-GB;q=0.6,th;q=0.4'
    'HTTP_COOKIE' => 'PHPSESSID=hv4gfjrk846dmch3jm57fdctu5; _csrf=0d4bff463594bacb857dba53b1b294650cded68015ccb1c13afa8fc23126c1bfa%3A2%3A%7Bi%3A0%3Bs%3A5%3A%22_csrf%22%3Bi%3A1%3Bs%3A32%3A%22UCkwbAlMdN7mgpd2AwnbgXVwkP7akFqF%22%3B%7D; _identity=1e339cb0527add8d207abf4a0e94ab3f16c9d1d5d9a31bd28bf309e8e5178d7ca%3A2%3A%7Bi%3A0%3Bs%3A9%3A%22_identity%22%3Bi%3A1%3Bs%3A28%3A%22%5B%22102%22%2C%22test102key%22%2C2592000%5D%22%3B%7D'
    'PATH' => 'C:\\ProgramData\\Oracle\\Java\\javapath;C:\\Program Files (x86)\\Intel\\iCLS Client\\;C:\\Program Files\\Intel\\iCLS Client\\;C:\\Windows\\system32;C:\\Windows;C:\\Windows\\System32\\Wbem;C:\\Windows\\System32\\WindowsPowerShell\\v1.0\\;C:\\Program Files (x86)\\NVIDIA Corporation\\PhysX\\Common;C:\\Program Files (x86)\\Intel\\Intel(R) Management Engine Components\\DAL;C:\\Program Files\\Intel\\Intel(R) Management Engine Components\\DAL;C:\\Program Files (x86)\\Intel\\Intel(R) Management Engine Components\\IPT;C:\\Program Files\\Intel\\Intel(R) Management Engine Components\\IPT;C:\\Program Files\\dotnet\\;C:\\Program Files (x86)\\Brackets\\command;C:\\wamp64\\bin\\php\\php5.6.16;C:\\ProgramData\\ComposerSetup\\bin;C:\\Program Files\\Git\\cmd;C:\\Program Files (x86)\\Bitvise SSH Client;C:\\ProgramData\\chocolatey\\bin;C:\\Program Files\\nodejs\\;C:\\tools\\python2;C:\\Program Files (x86)\\Android\\android-sdk\\platform-tools;C:\\WINDOWS\\system32;C:\\WINDOWS;C:\\WINDOWS\\System32\\Wbem;C:\\WINDOWS\\System32\\WindowsPowerShell\\v1.0\\;C:\\Program Files (x86)\\MiKTeX 2.9\\miktex\\bin\\;C:\\Program Files\\Microsoft SQL Server\\130\\Tools\\Binn\\;C:\\WINDOWS\\system32\\config\\systemprofile\\AppData\\Local\\Microsoft\\WindowsApps'
    'SystemRoot' => 'C:\\WINDOWS'
    'COMSPEC' => 'C:\\WINDOWS\\system32\\cmd.exe'
    'PATHEXT' => '.COM;.EXE;.BAT;.CMD;.VBS;.VBE;.JS;.JSE;.WSF;.WSH;.MSC'
    'WINDIR' => 'C:\\WINDOWS'
    'SERVER_SIGNATURE' => '<address>Apache/2.4.17 (Win64) PHP/5.6.16 Server at localhost Port 80</address>
'
    'SERVER_SOFTWARE' => 'Apache/2.4.17 (Win64) PHP/5.6.16'
    'SERVER_NAME' => 'localhost'
    'SERVER_ADDR' => '::1'
    'SERVER_PORT' => '80'
    'REMOTE_ADDR' => '::1'
    'DOCUMENT_ROOT' => 'F:/project/smartclass-thesis'
    'REQUEST_SCHEME' => 'http'
    'CONTEXT_PREFIX' => ''
    'CONTEXT_DOCUMENT_ROOT' => 'F:/project/smartclass-thesis'
    'SERVER_ADMIN' => 'admin@example.com'
    'SCRIPT_FILENAME' => 'F:/project/smartclass-thesis/index.php'
    'REMOTE_PORT' => '64951'
    'GATEWAY_INTERFACE' => 'CGI/1.1'
    'SERVER_PROTOCOL' => 'HTTP/1.1'
    'REQUEST_METHOD' => 'GET'
    'QUERY_STRING' => ''
    'REQUEST_URI' => '/'
    'SCRIPT_NAME' => '/index.php'
    'PHP_SELF' => '/index.php'
    'REQUEST_TIME_FLOAT' => 1475227729.21
    'REQUEST_TIME' => 1475227729
]
2016-09-30 09:29:06 [::1][-][hv4gfjrk846dmch3jm57fdctu5][error][yii\base\InvalidConfigException] exception 'yii\base\InvalidConfigException' with message 'The directory does not exist: F:/project/smartclass-thesis/assets' in F:\project\smartclass-thesis\temp\vendor\yiisoft\yii2\web\AssetManager.php:211
Stack trace:
#0 F:\project\smartclass-thesis\temp\vendor\yiisoft\yii2\base\Object.php(107): yii\web\AssetManager->init()
#1 [internal function]: yii\base\Object->__construct(Array)
#2 F:\project\smartclass-thesis\temp\vendor\yiisoft\yii2\di\Container.php(368): ReflectionClass->newInstanceArgs(Array)
#3 F:\project\smartclass-thesis\temp\vendor\yiisoft\yii2\di\Container.php(153): yii\di\Container->build('yii\\web\\AssetMa...', Array, Array)
#4 F:\project\smartclass-thesis\temp\vendor\yiisoft\yii2\BaseYii.php(344): yii\di\Container->get('yii\\web\\AssetMa...', Array, Array)
#5 F:\project\smartclass-thesis\temp\vendor\yiisoft\yii2\di\ServiceLocator.php(133): yii\BaseYii::createObject(Array)
#6 F:\project\smartclass-thesis\temp\vendor\yiisoft\yii2\base\Application.php(600): yii\di\ServiceLocator->get('assetManager')
#7 F:\project\smartclass-thesis\temp\vendor\yiisoft\yii2\web\View.php(223): yii\base\Application->getAssetManager()
#8 F:\project\smartclass-thesis\temp\vendor\yiisoft\yii2\web\View.php(283): yii\web\View->getAssetManager()
#9 F:\project\smartclass-thesis\temp\vendor\yiisoft\yii2\web\AssetBundle.php(123): yii\web\View->registerAssetBundle('freelancer\\asse...')
#10 F:\project\smartclass-thesis\temp\frontend\themes\freelancer\views\layouts\main.php(17): yii\web\AssetBundle::register(Object(yii\web\View))
#11 F:\project\smartclass-thesis\temp\vendor\yiisoft\yii2\base\View.php(325): require('F:\\project\\smar...')
#12 F:\project\smartclass-thesis\temp\vendor\yiisoft\yii2\base\View.php(247): yii\base\View->renderPhpFile('F:\\project\\smar...', Array)
#13 F:\project\smartclass-thesis\temp\vendor\yiisoft\yii2\base\Controller.php(392): yii\base\View->renderFile('F:\\project\\smar...', Array, Object(frontend\controllers\SiteController))
#14 F:\project\smartclass-thesis\temp\vendor\yiisoft\yii2\base\Controller.php(378): yii\base\Controller->renderContent('    <!-- Portfo...')
#15 F:\project\smartclass-thesis\temp\frontend\controllers\SiteController.php(83): yii\base\Controller->render('index')
#16 [internal function]: frontend\controllers\SiteController->actionIndex()
#17 F:\project\smartclass-thesis\temp\vendor\yiisoft\yii2\base\InlineAction.php(55): call_user_func_array(Array, Array)
#18 F:\project\smartclass-thesis\temp\vendor\yiisoft\yii2\base\Controller.php(154): yii\base\InlineAction->runWithParams(Array)
#19 F:\project\smartclass-thesis\temp\vendor\yiisoft\yii2\base\Module.php(454): yii\base\Controller->runAction('', Array)
#20 F:\project\smartclass-thesis\temp\vendor\yiisoft\yii2\web\Application.php(84): yii\base\Module->runAction('', Array)
#21 F:\project\smartclass-thesis\temp\vendor\yiisoft\yii2\base\Application.php(375): yii\web\Application->handleRequest(Object(yii\web\Request))
#22 F:\project\smartclass-thesis\index.php(18): yii\base\Application->run()
#23 {main}
2016-09-30 09:29:06 [::1][-][hv4gfjrk846dmch3jm57fdctu5][info][application] $_COOKIE = [
    'PHPSESSID' => 'hv4gfjrk846dmch3jm57fdctu5'
    '_csrf' => '0d4bff463594bacb857dba53b1b294650cded68015ccb1c13afa8fc23126c1bfa:2:{i:0;s:5:\"_csrf\";i:1;s:32:\"UCkwbAlMdN7mgpd2AwnbgXVwkP7akFqF\";}'
    '_identity' => '1e339cb0527add8d207abf4a0e94ab3f16c9d1d5d9a31bd28bf309e8e5178d7ca:2:{i:0;s:9:\"_identity\";i:1;s:28:\"[\"102\",\"test102key\",2592000]\";}'
]

$_SESSION = [
    '__flash' => []
    '__id' => '102'
]

$_SERVER = [
    'HTTP_HOST' => 'localhost'
    'HTTP_CONNECTION' => 'keep-alive'
    'HTTP_CACHE_CONTROL' => 'max-age=0'
    'HTTP_UPGRADE_INSECURE_REQUESTS' => '1'
    'HTTP_USER_AGENT' => 'Mozilla/5.0 (Windows NT 10.0; Win64; x64) AppleWebKit/537.36 (KHTML, like Gecko) Chrome/53.0.2785.116 Safari/537.36'
    'HTTP_ACCEPT' => 'text/html,application/xhtml+xml,application/xml;q=0.9,image/webp,*/*;q=0.8'
    'HTTP_ACCEPT_ENCODING' => 'gzip, deflate, sdch'
    'HTTP_ACCEPT_LANGUAGE' => 'en-US,en;q=0.8,en-GB;q=0.6,th;q=0.4'
    'HTTP_COOKIE' => 'PHPSESSID=hv4gfjrk846dmch3jm57fdctu5; _csrf=0d4bff463594bacb857dba53b1b294650cded68015ccb1c13afa8fc23126c1bfa%3A2%3A%7Bi%3A0%3Bs%3A5%3A%22_csrf%22%3Bi%3A1%3Bs%3A32%3A%22UCkwbAlMdN7mgpd2AwnbgXVwkP7akFqF%22%3B%7D; _identity=1e339cb0527add8d207abf4a0e94ab3f16c9d1d5d9a31bd28bf309e8e5178d7ca%3A2%3A%7Bi%3A0%3Bs%3A9%3A%22_identity%22%3Bi%3A1%3Bs%3A28%3A%22%5B%22102%22%2C%22test102key%22%2C2592000%5D%22%3B%7D'
    'PATH' => 'C:\\ProgramData\\Oracle\\Java\\javapath;C:\\Program Files (x86)\\Intel\\iCLS Client\\;C:\\Program Files\\Intel\\iCLS Client\\;C:\\Windows\\system32;C:\\Windows;C:\\Windows\\System32\\Wbem;C:\\Windows\\System32\\WindowsPowerShell\\v1.0\\;C:\\Program Files (x86)\\NVIDIA Corporation\\PhysX\\Common;C:\\Program Files (x86)\\Intel\\Intel(R) Management Engine Components\\DAL;C:\\Program Files\\Intel\\Intel(R) Management Engine Components\\DAL;C:\\Program Files (x86)\\Intel\\Intel(R) Management Engine Components\\IPT;C:\\Program Files\\Intel\\Intel(R) Management Engine Components\\IPT;C:\\Program Files\\dotnet\\;C:\\Program Files (x86)\\Brackets\\command;C:\\wamp64\\bin\\php\\php5.6.16;C:\\ProgramData\\ComposerSetup\\bin;C:\\Program Files\\Git\\cmd;C:\\Program Files (x86)\\Bitvise SSH Client;C:\\ProgramData\\chocolatey\\bin;C:\\Program Files\\nodejs\\;C:\\tools\\python2;C:\\Program Files (x86)\\Android\\android-sdk\\platform-tools;C:\\WINDOWS\\system32;C:\\WINDOWS;C:\\WINDOWS\\System32\\Wbem;C:\\WINDOWS\\System32\\WindowsPowerShell\\v1.0\\;C:\\Program Files (x86)\\MiKTeX 2.9\\miktex\\bin\\;C:\\Program Files\\Microsoft SQL Server\\130\\Tools\\Binn\\;C:\\WINDOWS\\system32\\config\\systemprofile\\AppData\\Local\\Microsoft\\WindowsApps'
    'SystemRoot' => 'C:\\WINDOWS'
    'COMSPEC' => 'C:\\WINDOWS\\system32\\cmd.exe'
    'PATHEXT' => '.COM;.EXE;.BAT;.CMD;.VBS;.VBE;.JS;.JSE;.WSF;.WSH;.MSC'
    'WINDIR' => 'C:\\WINDOWS'
    'SERVER_SIGNATURE' => '<address>Apache/2.4.17 (Win64) PHP/5.6.16 Server at localhost Port 80</address>
'
    'SERVER_SOFTWARE' => 'Apache/2.4.17 (Win64) PHP/5.6.16'
    'SERVER_NAME' => 'localhost'
    'SERVER_ADDR' => '::1'
    'SERVER_PORT' => '80'
    'REMOTE_ADDR' => '::1'
    'DOCUMENT_ROOT' => 'F:/project/smartclass-thesis'
    'REQUEST_SCHEME' => 'http'
    'CONTEXT_PREFIX' => ''
    'CONTEXT_DOCUMENT_ROOT' => 'F:/project/smartclass-thesis'
    'SERVER_ADMIN' => 'admin@example.com'
    'SCRIPT_FILENAME' => 'F:/project/smartclass-thesis/index.php'
    'REMOTE_PORT' => '64972'
    'GATEWAY_INTERFACE' => 'CGI/1.1'
    'SERVER_PROTOCOL' => 'HTTP/1.1'
    'REQUEST_METHOD' => 'GET'
    'QUERY_STRING' => ''
    'REQUEST_URI' => '/'
    'SCRIPT_NAME' => '/index.php'
    'PHP_SELF' => '/index.php'
    'REQUEST_TIME_FLOAT' => 1475227746.036
    'REQUEST_TIME' => 1475227746
]
2016-09-30 09:29:06 [::1][-][hv4gfjrk846dmch3jm57fdctu5][warning][yii\log\Dispatcher::dispatch] Unable to send log via yii\debug\LogTarget: Exception (Invalid Configuration) 'yii\base\InvalidConfigException' with message 'The directory does not exist: F:/project/smartclass-thesis/assets' 

in F:\project\smartclass-thesis\temp\vendor\yiisoft\yii2\web\AssetManager.php:211

Stack trace:
#0 F:\project\smartclass-thesis\temp\vendor\yiisoft\yii2\base\Object.php(107): yii\web\AssetManager->init()
#1 [internal function]: yii\base\Object->__construct(Array)
#2 F:\project\smartclass-thesis\temp\vendor\yiisoft\yii2\di\Container.php(368): ReflectionClass->newInstanceArgs(Array)
#3 F:\project\smartclass-thesis\temp\vendor\yiisoft\yii2\di\Container.php(153): yii\di\Container->build('yii\\web\\AssetMa...', Array, Array)
#4 F:\project\smartclass-thesis\temp\vendor\yiisoft\yii2\BaseYii.php(344): yii\di\Container->get('yii\\web\\AssetMa...', Array, Array)
#5 F:\project\smartclass-thesis\temp\vendor\yiisoft\yii2\di\ServiceLocator.php(133): yii\BaseYii::createObject(Array)
#6 F:\project\smartclass-thesis\temp\vendor\yiisoft\yii2\base\Application.php(600): yii\di\ServiceLocator->get('assetManager')
#7 F:\project\smartclass-thesis\temp\vendor\yiisoft\yii2\web\View.php(223): yii\base\Application->getAssetManager()
#8 F:\project\smartclass-thesis\temp\vendor\yiisoft\yii2\base\Component.php(130): yii\web\View->getAssetManager()
#9 F:\project\smartclass-thesis\temp\vendor\yiisoft\yii2-debug\panels\AssetPanel.php(53): yii\base\Component->__get('assetManager')
#10 F:\project\smartclass-thesis\temp\vendor\yiisoft\yii2-debug\LogTarget.php(54): yii\debug\panels\AssetPanel->save()
#11 F:\project\smartclass-thesis\temp\vendor\yiisoft\yii2-debug\LogTarget.php(118): yii\debug\LogTarget->export()
#12 F:\project\smartclass-thesis\temp\vendor\yiisoft\yii2\log\Dispatcher.php(183): yii\debug\LogTarget->collect(Array, true)
#13 F:\project\smartclass-thesis\temp\vendor\yiisoft\yii2\log\Logger.php(173): yii\log\Dispatcher->dispatch(Array, true)
#14 F:\project\smartclass-thesis\temp\vendor\yiisoft\yii2\base\ErrorHandler.php(111): yii\log\Logger->flush(true)
#15 [internal function]: yii\base\ErrorHandler->handleException(Object(yii\base\InvalidConfigException))
#16 {main}
2016-09-30 09:29:06 [::1][-][hv4gfjrk846dmch3jm57fdctu5][info][application] $_COOKIE = [
    'PHPSESSID' => 'hv4gfjrk846dmch3jm57fdctu5'
    '_csrf' => '0d4bff463594bacb857dba53b1b294650cded68015ccb1c13afa8fc23126c1bfa:2:{i:0;s:5:\"_csrf\";i:1;s:32:\"UCkwbAlMdN7mgpd2AwnbgXVwkP7akFqF\";}'
    '_identity' => '1e339cb0527add8d207abf4a0e94ab3f16c9d1d5d9a31bd28bf309e8e5178d7ca:2:{i:0;s:9:\"_identity\";i:1;s:28:\"[\"102\",\"test102key\",2592000]\";}'
]

$_SESSION = [
    '__flash' => []
    '__id' => '102'
]

$_SERVER = [
    'HTTP_HOST' => 'localhost'
    'HTTP_CONNECTION' => 'keep-alive'
    'HTTP_CACHE_CONTROL' => 'max-age=0'
    'HTTP_UPGRADE_INSECURE_REQUESTS' => '1'
    'HTTP_USER_AGENT' => 'Mozilla/5.0 (Windows NT 10.0; Win64; x64) AppleWebKit/537.36 (KHTML, like Gecko) Chrome/53.0.2785.116 Safari/537.36'
    'HTTP_ACCEPT' => 'text/html,application/xhtml+xml,application/xml;q=0.9,image/webp,*/*;q=0.8'
    'HTTP_ACCEPT_ENCODING' => 'gzip, deflate, sdch'
    'HTTP_ACCEPT_LANGUAGE' => 'en-US,en;q=0.8,en-GB;q=0.6,th;q=0.4'
    'HTTP_COOKIE' => 'PHPSESSID=hv4gfjrk846dmch3jm57fdctu5; _csrf=0d4bff463594bacb857dba53b1b294650cded68015ccb1c13afa8fc23126c1bfa%3A2%3A%7Bi%3A0%3Bs%3A5%3A%22_csrf%22%3Bi%3A1%3Bs%3A32%3A%22UCkwbAlMdN7mgpd2AwnbgXVwkP7akFqF%22%3B%7D; _identity=1e339cb0527add8d207abf4a0e94ab3f16c9d1d5d9a31bd28bf309e8e5178d7ca%3A2%3A%7Bi%3A0%3Bs%3A9%3A%22_identity%22%3Bi%3A1%3Bs%3A28%3A%22%5B%22102%22%2C%22test102key%22%2C2592000%5D%22%3B%7D'
    'PATH' => 'C:\\ProgramData\\Oracle\\Java\\javapath;C:\\Program Files (x86)\\Intel\\iCLS Client\\;C:\\Program Files\\Intel\\iCLS Client\\;C:\\Windows\\system32;C:\\Windows;C:\\Windows\\System32\\Wbem;C:\\Windows\\System32\\WindowsPowerShell\\v1.0\\;C:\\Program Files (x86)\\NVIDIA Corporation\\PhysX\\Common;C:\\Program Files (x86)\\Intel\\Intel(R) Management Engine Components\\DAL;C:\\Program Files\\Intel\\Intel(R) Management Engine Components\\DAL;C:\\Program Files (x86)\\Intel\\Intel(R) Management Engine Components\\IPT;C:\\Program Files\\Intel\\Intel(R) Management Engine Components\\IPT;C:\\Program Files\\dotnet\\;C:\\Program Files (x86)\\Brackets\\command;C:\\wamp64\\bin\\php\\php5.6.16;C:\\ProgramData\\ComposerSetup\\bin;C:\\Program Files\\Git\\cmd;C:\\Program Files (x86)\\Bitvise SSH Client;C:\\ProgramData\\chocolatey\\bin;C:\\Program Files\\nodejs\\;C:\\tools\\python2;C:\\Program Files (x86)\\Android\\android-sdk\\platform-tools;C:\\WINDOWS\\system32;C:\\WINDOWS;C:\\WINDOWS\\System32\\Wbem;C:\\WINDOWS\\System32\\WindowsPowerShell\\v1.0\\;C:\\Program Files (x86)\\MiKTeX 2.9\\miktex\\bin\\;C:\\Program Files\\Microsoft SQL Server\\130\\Tools\\Binn\\;C:\\WINDOWS\\system32\\config\\systemprofile\\AppData\\Local\\Microsoft\\WindowsApps'
    'SystemRoot' => 'C:\\WINDOWS'
    'COMSPEC' => 'C:\\WINDOWS\\system32\\cmd.exe'
    'PATHEXT' => '.COM;.EXE;.BAT;.CMD;.VBS;.VBE;.JS;.JSE;.WSF;.WSH;.MSC'
    'WINDIR' => 'C:\\WINDOWS'
    'SERVER_SIGNATURE' => '<address>Apache/2.4.17 (Win64) PHP/5.6.16 Server at localhost Port 80</address>
'
    'SERVER_SOFTWARE' => 'Apache/2.4.17 (Win64) PHP/5.6.16'
    'SERVER_NAME' => 'localhost'
    'SERVER_ADDR' => '::1'
    'SERVER_PORT' => '80'
    'REMOTE_ADDR' => '::1'
    'DOCUMENT_ROOT' => 'F:/project/smartclass-thesis'
    'REQUEST_SCHEME' => 'http'
    'CONTEXT_PREFIX' => ''
    'CONTEXT_DOCUMENT_ROOT' => 'F:/project/smartclass-thesis'
    'SERVER_ADMIN' => 'admin@example.com'
    'SCRIPT_FILENAME' => 'F:/project/smartclass-thesis/index.php'
    'REMOTE_PORT' => '64972'
    'GATEWAY_INTERFACE' => 'CGI/1.1'
    'SERVER_PROTOCOL' => 'HTTP/1.1'
    'REQUEST_METHOD' => 'GET'
    'QUERY_STRING' => ''
    'REQUEST_URI' => '/'
    'SCRIPT_NAME' => '/index.php'
    'PHP_SELF' => '/index.php'
    'REQUEST_TIME_FLOAT' => 1475227746.036
    'REQUEST_TIME' => 1475227746
]
